<?xml version="1.0" encoding="UTF-8"?>
<!-- Generated by org.testng.reporters.JUnitXMLReporter -->
<testsuite ignored="3" hostname="DESKTOP-U7LI8OE" failures="0" tests="3" name="Default test(failed)(failed)" time="31.904" errors="0" timestamp="2023-04-03T14:54:39 IST">
  <testcase classname="crmtests.HomePageTest" name="@BeforeMethod initialization" time="31.734">
    <failure type="org.openqa.selenium.ElementClickInterceptedException" message="element click intercepted: Element &amp;lt;input type=&amp;quot;submit&amp;quot; value=&amp;quot;Login&amp;quot; class=&amp;quot;btn btn-small&amp;quot;&amp;gt; is not clickable at point (1141, 102). Other element would receive the click: &amp;lt;div id=&amp;quot;preloader&amp;quot;&amp;gt;...&amp;lt;/div&amp;gt;
  (Session info: chrome=111.0.5563.147)
Build info: version: &amp;apos;3.141.59&amp;apos;, revision: &amp;apos;e82be7d358&amp;apos;, time: &amp;apos;2018-11-14T08:17:03&amp;apos;
System info: host: &amp;apos;DESKTOP-U7LI8OE&amp;apos;, ip: &amp;apos;192.168.1.43&amp;apos;, os.name: &amp;apos;Windows 11&amp;apos;, os.arch: &amp;apos;amd64&amp;apos;, os.version: &amp;apos;10.0&amp;apos;, java.version: &amp;apos;19.0.1&amp;apos;
Driver info: org.openqa.selenium.chrome.ChromeDriver
Capabilities {acceptInsecureCerts: false, browserName: chrome, browserVersion: 111.0.5563.147, chrome: {chromedriverVersion: 111.0.5563.64 (c710e93d5b63..., userDataDir: C:\Users\NUCLEU~1\AppData\L...}, goog:chromeOptions: {debuggerAddress: localhost:59408}, javascriptEnabled: true, networkConnectionEnabled: false, pageLoadStrategy: normal, platform: WINDOWS, platformName: WINDOWS, proxy: Proxy(), setWindowRect: true, strictFileInteractability: false, timeouts: {implicit: 0, pageLoad: 300000, script: 30000}, unhandledPromptBehavior: dismiss and notify, webauthn:extension:credBlob: true, webauthn:extension:largeBlob: true, webauthn:extension:minPinLength: true, webauthn:extension:prf: true, webauthn:virtualAuthenticators: true}
Session ID: f97e016bde1b81b1ef1d04931a571fd3">
      <![CDATA[org.openqa.selenium.ElementClickInterceptedException: element click intercepted: Element <input type="submit" value="Login" class="btn btn-small"> is not clickable at point (1141, 102). Other element would receive the click: <div id="preloader">...</div>
  (Session info: chrome=111.0.5563.147)
Build info: version: '3.141.59', revision: 'e82be7d358', time: '2018-11-14T08:17:03'
System info: host: 'DESKTOP-U7LI8OE', ip: '192.168.1.43', os.name: 'Windows 11', os.arch: 'amd64', os.version: '10.0', java.version: '19.0.1'
Driver info: org.openqa.selenium.chrome.ChromeDriver
Capabilities {acceptInsecureCerts: false, browserName: chrome, browserVersion: 111.0.5563.147, chrome: {chromedriverVersion: 111.0.5563.64 (c710e93d5b63..., userDataDir: C:\Users\NUCLEU~1\AppData\L...}, goog:chromeOptions: {debuggerAddress: localhost:59408}, javascriptEnabled: true, networkConnectionEnabled: false, pageLoadStrategy: normal, platform: WINDOWS, platformName: WINDOWS, proxy: Proxy(), setWindowRect: true, strictFileInteractability: false, timeouts: {implicit: 0, pageLoad: 300000, script: 30000}, unhandledPromptBehavior: dismiss and notify, webauthn:extension:credBlob: true, webauthn:extension:largeBlob: true, webauthn:extension:minPinLength: true, webauthn:extension:prf: true, webauthn:virtualAuthenticators: true}
Session ID: f97e016bde1b81b1ef1d04931a571fd3
at org.openqa.selenium.remote.http.W3CHttpResponseCodec.createException(W3CHttpResponseCodec.java:187)
at org.openqa.selenium.remote.http.W3CHttpResponseCodec.decode(W3CHttpResponseCodec.java:122)
at org.openqa.selenium.remote.http.W3CHttpResponseCodec.decode(W3CHttpResponseCodec.java:49)
at org.openqa.selenium.remote.HttpCommandExecutor.execute(HttpCommandExecutor.java:158)
at org.openqa.selenium.remote.service.DriverCommandExecutor.execute(DriverCommandExecutor.java:83)
at org.openqa.selenium.remote.RemoteWebDriver.execute(RemoteWebDriver.java:552)
at org.openqa.selenium.remote.RemoteWebElement.execute(RemoteWebElement.java:285)
at org.openqa.selenium.remote.RemoteWebElement.click(RemoteWebElement.java:84)
at org.openqa.selenium.support.pagefactory.internal.LocatingElementHandler.invoke(LocatingElementHandler.java:51)
at jdk.proxy2/jdk.proxy2.$Proxy12.click(Unknown Source)
at crmpages.LoginPage.login(LoginPage.java:42)
at crmtests.HomePageTest.initialization(HomePageTest.java:25)
at java.base/java.util.ArrayList.forEach(ArrayList.java:1511)
... Removed 34 stack frames]]>
    </failure>
  </testcase> <!-- @BeforeMethod initialization -->
  <testcase classname="crmtests.HomePageTest" name="@AfterMethod tearDown" time="-1.680513879069E9">
    <skipped/>
  </testcase> <!-- @AfterMethod tearDown -->
  <testcase classname="crmtests.HomePageTest" name="@BeforeMethod initialization" time="-1.680513879074E9">
    <skipped/>
  </testcase> <!-- @BeforeMethod initialization -->
  <testcase classname="crmtests.HomePageTest" name="@AfterMethod tearDown" time="-1.680513879099E9">
    <skipped/>
  </testcase> <!-- @AfterMethod tearDown -->
  <testcase classname="crmtests.HomePageTest" name="@BeforeMethod initialization" time="-1.680513879105E9">
    <skipped/>
  </testcase> <!-- @BeforeMethod initialization -->
  <testcase classname="crmtests.HomePageTest" name="@AfterMethod tearDown" time="-1.680513879135E9">
    <skipped/>
  </testcase> <!-- @AfterMethod tearDown -->
  <testcase classname="crmtests.HomePageTest" name="validate_Task_Link_RedirectionTest" time="0.0">
    <skipped/>
  </testcase> <!-- validate_Task_Link_RedirectionTest -->
  <testcase classname="crmtests.HomePageTest" name="validate_create_Contact_Link_RedirectionTest" time="0.0">
    <skipped/>
  </testcase> <!-- validate_create_Contact_Link_RedirectionTest -->
  <testcase classname="crmtests.HomePageTest" name="validate_Deal_Link_RedirectionTest" time="0.0">
    <skipped/>
  </testcase> <!-- validate_Deal_Link_RedirectionTest -->
  <testcase classname="crmtests.HomePageTest" name="validate_create_company_Link_RedirectionTest" time="0.0">
    <ignored/>
  </testcase> <!-- validate_create_company_Link_RedirectionTest -->
  <testcase classname="crmtests.HomePageTest" name="validateLogoutTest" time="0.0">
    <ignored/>
  </testcase> <!-- validateLogoutTest -->
  <testcase classname="crmtests.HomePageTest" name="valdateUsernameTest" time="0.0">
    <ignored/>
  </testcase> <!-- valdateUsernameTest -->
</testsuite> <!-- Default test(failed)(failed) -->
